Build started 10/19/2016 4:01:26 PM.
     1>Project "C:\Users\Kevin\CS3113Hw\Assignment_3\project_template\Windows\NYUCodebase\NYUCodebase\NYUCodebase.vcxproj" on node 2 (Build target(s)).
     1>ClCompile:
         C:\Program Files (x86)\Microsoft Visual Studio 12.0\VC\bin\CL.exe /c /IC:\SDL2\include /IC:\SDL2_image\include /IC:\glew\include /IC:\SDL2_mixer\include /ZI /nologo /W3 /WX- /sdl /Od /Oy- /D _WINDOWS /D _MBCS /D _MBCS /Gm /EHsc /RTC1 /MDd /GS /fp:precise /Zc:wchar_t /Zc:forScope /Fo"Debug\\" /Fd"Debug\vc120.pdb" /Gd /TP /analyze- /errorReport:prompt main.cpp
         main.cpp
     1>c:\users\kevin\cs3113hw\assignment_3\project_template\windows\nyucodebase\nyucodebase\main.cpp(145): warning C4244: 'initializing' : conversion from 'double' to 'float', possible loss of data
     1>c:\users\kevin\cs3113hw\assignment_3\project_template\windows\nyucodebase\nyucodebase\main.cpp(146): warning C4244: 'initializing' : conversion from 'double' to 'float', possible loss of data
     1>c:\users\kevin\cs3113hw\assignment_3\project_template\windows\nyucodebase\nyucodebase\main.cpp(165): warning C4018: '<' : signed/unsigned mismatch
     1>c:\users\kevin\cs3113hw\assignment_3\project_template\windows\nyucodebase\nyucodebase\main.cpp(242): warning C4305: 'argument' : truncation from 'double' to 'float'
     1>c:\users\kevin\cs3113hw\assignment_3\project_template\windows\nyucodebase\nyucodebase\main.cpp(251): warning C4305: 'argument' : truncation from 'double' to 'float'
     1>c:\users\kevin\cs3113hw\assignment_3\project_template\windows\nyucodebase\nyucodebase\main.cpp(252): warning C4305: 'argument' : truncation from 'double' to 'float'
     1>c:\users\kevin\cs3113hw\assignment_3\project_template\windows\nyucodebase\nyucodebase\main.cpp(253): warning C4305: 'initializing' : truncation from 'double' to 'float'
     1>c:\users\kevin\cs3113hw\assignment_3\project_template\windows\nyucodebase\nyucodebase\main.cpp(254): warning C4305: 'initializing' : truncation from 'double' to 'float'
     1>c:\users\kevin\cs3113hw\assignment_3\project_template\windows\nyucodebase\nyucodebase\main.cpp(282): warning C4305: 'argument' : truncation from 'double' to 'float'
     1>c:\users\kevin\cs3113hw\assignment_3\project_template\windows\nyucodebase\nyucodebase\main.cpp(290): warning C4305: 'argument' : truncation from 'double' to 'float'
     1>c:\users\kevin\cs3113hw\assignment_3\project_template\windows\nyucodebase\nyucodebase\main.cpp(292): warning C4305: 'initializing' : truncation from 'double' to 'float'
     1>c:\users\kevin\cs3113hw\assignment_3\project_template\windows\nyucodebase\nyucodebase\main.cpp(293): warning C4305: 'initializing' : truncation from 'double' to 'float'
     1>c:\users\kevin\cs3113hw\assignment_3\project_template\windows\nyucodebase\nyucodebase\main.cpp(372): warning C4305: 'argument' : truncation from 'double' to 'float'
     1>c:\users\kevin\cs3113hw\assignment_3\project_template\windows\nyucodebase\nyucodebase\main.cpp(388): warning C4305: 'argument' : truncation from 'double' to 'float'
     1>c:\users\kevin\cs3113hw\assignment_3\project_template\windows\nyucodebase\nyucodebase\main.cpp(513): warning C4244: 'initializing' : conversion from 'time_t' to 'int', possible loss of data
     1>c:\users\kevin\cs3113hw\assignment_3\project_template\windows\nyucodebase\nyucodebase\main.cpp(540): warning C4305: 'argument' : truncation from 'double' to 'float'
     1>c:\users\kevin\cs3113hw\assignment_3\project_template\windows\nyucodebase\nyucodebase\main.cpp(550): warning C4305: 'argument' : truncation from 'double' to 'float'
     1>c:\users\kevin\cs3113hw\assignment_3\project_template\windows\nyucodebase\nyucodebase\main.cpp(551): warning C4305: 'argument' : truncation from 'double' to 'float'
     1>c:\users\kevin\cs3113hw\assignment_3\project_template\windows\nyucodebase\nyucodebase\main.cpp(552): warning C4305: 'initializing' : truncation from 'double' to 'float'
     1>c:\users\kevin\cs3113hw\assignment_3\project_template\windows\nyucodebase\nyucodebase\main.cpp(553): warning C4305: 'initializing' : truncation from 'double' to 'float'
     1>c:\users\kevin\cs3113hw\assignment_3\project_template\windows\nyucodebase\nyucodebase\main.cpp(581): warning C4305: 'argument' : truncation from 'double' to 'float'
     1>c:\users\kevin\cs3113hw\assignment_3\project_template\windows\nyucodebase\nyucodebase\main.cpp(586): warning C4305: 'argument' : truncation from 'double' to 'float'
     1>c:\users\kevin\cs3113hw\assignment_3\project_template\windows\nyucodebase\nyucodebase\main.cpp(588): warning C4305: 'initializing' : truncation from 'double' to 'float'
     1>c:\users\kevin\cs3113hw\assignment_3\project_template\windows\nyucodebase\nyucodebase\main.cpp(589): warning C4305: 'initializing' : truncation from 'double' to 'float'
     1>c:\users\kevin\cs3113hw\assignment_3\project_template\windows\nyucodebase\nyucodebase\main.cpp(601): warning C4305: 'argument' : truncation from 'double' to 'float'
     1>c:\users\kevin\cs3113hw\assignment_3\project_template\windows\nyucodebase\nyucodebase\main.cpp(611): warning C4305: 'argument' : truncation from 'double' to 'float'
     1>c:\users\kevin\cs3113hw\assignment_3\project_template\windows\nyucodebase\nyucodebase\main.cpp(612): warning C4305: 'argument' : truncation from 'double' to 'float'
     1>c:\users\kevin\cs3113hw\assignment_3\project_template\windows\nyucodebase\nyucodebase\main.cpp(613): warning C4305: 'initializing' : truncation from 'double' to 'float'
     1>c:\users\kevin\cs3113hw\assignment_3\project_template\windows\nyucodebase\nyucodebase\main.cpp(614): warning C4305: 'initializing' : truncation from 'double' to 'float'
     1>c:\users\kevin\cs3113hw\assignment_3\project_template\windows\nyucodebase\nyucodebase\main.cpp(642): warning C4305: 'argument' : truncation from 'double' to 'float'
     1>c:\users\kevin\cs3113hw\assignment_3\project_template\windows\nyucodebase\nyucodebase\main.cpp(647): warning C4305: 'argument' : truncation from 'double' to 'float'
     1>c:\users\kevin\cs3113hw\assignment_3\project_template\windows\nyucodebase\nyucodebase\main.cpp(649): warning C4305: 'initializing' : truncation from 'double' to 'float'
     1>c:\users\kevin\cs3113hw\assignment_3\project_template\windows\nyucodebase\nyucodebase\main.cpp(650): warning C4305: 'initializing' : truncation from 'double' to 'float'
       Link:
         C:\Program Files (x86)\Microsoft Visual Studio 12.0\VC\bin\link.exe /ERRORREPORT:PROMPT /OUT:"C:\Users\Kevin\CS3113Hw\Assignment_3\project_template\Windows\NYUCodebase\Debug\NYUCodebase.exe" /INCREMENTAL /NOLOGO /LIBPATH:C:\SDL2_mixer\lib\x86 /LIBPATH:C:\SDL2\lib\x86 /LIBPATH:C:\SDL2_image\lib\x86 /LIBPATH:C:\glew\lib\Release\Win32 SDL2.lib SDL2_mixer.lib glew32.lib SDL2main.lib SDL2_image.lib OpenGL32.lib /MANIFEST /MANIFESTUAC:"level='asInvoker' uiAccess='false'" /manifest:embed /DEBUG /PDB:"C:\Users\Kevin\CS3113Hw\Assignment_3\project_template\Windows\NYUCodebase\Debug\NYUCodebase.pdb" /SUBSYSTEM:WINDOWS /TLBID:1 /DYNAMICBASE /NXCOMPAT /IMPLIB:"C:\Users\Kevin\CS3113Hw\Assignment_3\project_template\Windows\NYUCodebase\Debug\NYUCodebase.lib" /MACHINE:X86 Debug\main.obj
         Debug\Matrix.obj
         Debug\ShaderProgram.obj
         NYUCodebase.vcxproj -> C:\Users\Kevin\CS3113Hw\Assignment_3\project_template\Windows\NYUCodebase\Debug\NYUCodebase.exe
     1>Done Building Project "C:\Users\Kevin\CS3113Hw\Assignment_3\project_template\Windows\NYUCodebase\NYUCodebase\NYUCodebase.vcxproj" (Build target(s)).

Build succeeded.

Time Elapsed 00:00:04.82
