Build started 12/7/2016 12:12:49 PM.
     1>Project "C:\Users\Kevin\CS3113Hw\Assignment_5\project_template\Windows\NYUCodebase\NYUCodebase\NYUCodebase.vcxproj" on node 2 (Build target(s)).
     1>ClCompile:
         C:\Program Files (x86)\Microsoft Visual Studio 12.0\VC\bin\CL.exe /c /IC:\SDL2\include /IC:\SDL2_image\include /IC:\glew\include /IC:\SDL2_mixer\include /ZI /nologo /W3 /WX- /sdl /Od /Oy- /D _WINDOWS /D _MBCS /D _MBCS /Gm /EHsc /RTC1 /MDd /GS /fp:precise /Zc:wchar_t /Zc:forScope /Fo"Debug\\" /Fd"Debug\vc120.pdb" /Gd /TP /analyze- /errorReport:prompt main.cpp
         main.cpp
     1>c:\users\kevin\cs3113hw\assignment_5\project_template\windows\nyucodebase\nyucodebase\main.cpp(80): warning C4018: '<' : signed/unsigned mismatch
     1>c:\users\kevin\cs3113hw\assignment_5\project_template\windows\nyucodebase\nyucodebase\main.cpp(83): warning C4018: '<' : signed/unsigned mismatch
     1>c:\users\kevin\cs3113hw\assignment_5\project_template\windows\nyucodebase\nyucodebase\main.cpp(96): warning C4244: 'initializing' : conversion from 'double' to 'float', possible loss of data
     1>c:\users\kevin\cs3113hw\assignment_5\project_template\windows\nyucodebase\nyucodebase\main.cpp(97): warning C4244: 'initializing' : conversion from 'double' to 'float', possible loss of data
     1>c:\users\kevin\cs3113hw\assignment_5\project_template\windows\nyucodebase\nyucodebase\main.cpp(99): warning C4244: 'initializing' : conversion from 'double' to 'float', possible loss of data
     1>c:\users\kevin\cs3113hw\assignment_5\project_template\windows\nyucodebase\nyucodebase\main.cpp(108): warning C4018: '<' : signed/unsigned mismatch
     1>c:\users\kevin\cs3113hw\assignment_5\project_template\windows\nyucodebase\nyucodebase\main.cpp(125): warning C4018: '<' : signed/unsigned mismatch
     1>c:\users\kevin\cs3113hw\assignment_5\project_template\windows\nyucodebase\nyucodebase\main.cpp(147): warning C4018: '<' : signed/unsigned mismatch
     1>c:\users\kevin\cs3113hw\assignment_5\project_template\windows\nyucodebase\nyucodebase\main.cpp(149): warning C4018: '<' : signed/unsigned mismatch
     1>c:\users\kevin\cs3113hw\assignment_5\project_template\windows\nyucodebase\nyucodebase\main.cpp(179): warning C4018: '<' : signed/unsigned mismatch
     1>c:\users\kevin\cs3113hw\assignment_5\project_template\windows\nyucodebase\nyucodebase\main.cpp(229): warning C4018: '<' : signed/unsigned mismatch
     1>c:\users\kevin\cs3113hw\assignment_5\project_template\windows\nyucodebase\nyucodebase\main.cpp(230): warning C4244: '=' : conversion from 'double' to 'float', possible loss of data
     1>c:\users\kevin\cs3113hw\assignment_5\project_template\windows\nyucodebase\nyucodebase\main.cpp(231): warning C4244: '=' : conversion from 'double' to 'float', possible loss of data
     1>c:\users\kevin\cs3113hw\assignment_5\project_template\windows\nyucodebase\nyucodebase\main.cpp(232): warning C4244: '=' : conversion from 'double' to 'float', possible loss of data
     1>c:\users\kevin\cs3113hw\assignment_5\project_template\windows\nyucodebase\nyucodebase\main.cpp(237): warning C4018: '<' : signed/unsigned mismatch
     1>c:\users\kevin\cs3113hw\assignment_5\project_template\windows\nyucodebase\nyucodebase\main.cpp(239): warning C4018: '<' : signed/unsigned mismatch
     1>c:\users\kevin\cs3113hw\assignment_5\project_template\windows\nyucodebase\nyucodebase\main.cpp(249): warning C4018: '<' : signed/unsigned mismatch
     1>c:\users\kevin\cs3113hw\assignment_5\project_template\windows\nyucodebase\nyucodebase\main.cpp(275): warning C4244: '+=' : conversion from 'double' to 'float', possible loss of data
     1>c:\users\kevin\cs3113hw\assignment_5\project_template\windows\nyucodebase\nyucodebase\main.cpp(276): warning C4244: '+=' : conversion from 'double' to 'float', possible loss of data
     1>c:\users\kevin\cs3113hw\assignment_5\project_template\windows\nyucodebase\nyucodebase\main.cpp(280): warning C4244: '-=' : conversion from 'double' to 'float', possible loss of data
     1>c:\users\kevin\cs3113hw\assignment_5\project_template\windows\nyucodebase\nyucodebase\main.cpp(281): warning C4244: '-=' : conversion from 'double' to 'float', possible loss of data
     1>c:\users\kevin\cs3113hw\assignment_5\project_template\windows\nyucodebase\nyucodebase\main.cpp(289): warning C4305: 'argument' : truncation from 'double' to 'float'
     1>c:\users\kevin\cs3113hw\assignment_5\project_template\windows\nyucodebase\nyucodebase\main.cpp(313): warning C4305: 'argument' : truncation from 'double' to 'float'
     1>c:\users\kevin\cs3113hw\assignment_5\project_template\windows\nyucodebase\nyucodebase\main.cpp(339): warning C4305: 'argument' : truncation from 'double' to 'float'
     1>c:\users\kevin\cs3113hw\assignment_5\project_template\windows\nyucodebase\nyucodebase\main.cpp(340): warning C4305: 'initializing' : truncation from 'double' to 'float'
     1>c:\users\kevin\cs3113hw\assignment_5\project_template\windows\nyucodebase\nyucodebase\main.cpp(408): warning C4244: 'argument' : conversion from 'double' to 'float', possible loss of data
     1>c:\users\kevin\cs3113hw\assignment_5\project_template\windows\nyucodebase\nyucodebase\main.cpp(416): warning C4244: 'argument' : conversion from 'double' to 'float', possible loss of data
     1>c:\users\kevin\cs3113hw\assignment_5\project_template\windows\nyucodebase\nyucodebase\main.cpp(428): warning C4018: '<' : signed/unsigned mismatch
     1>c:\users\kevin\cs3113hw\assignment_5\project_template\windows\nyucodebase\nyucodebase\main.cpp(437): warning C4305: 'argument' : truncation from 'double' to 'float'
     1>c:\users\kevin\cs3113hw\assignment_5\project_template\windows\nyucodebase\nyucodebase\main.cpp(442): warning C4018: '<' : signed/unsigned mismatch
     1>c:\users\kevin\cs3113hw\assignment_5\project_template\windows\nyucodebase\nyucodebase\main.cpp(451): warning C4305: 'argument' : truncation from 'double' to 'float'
     1>c:\users\kevin\cs3113hw\assignment_5\project_template\windows\nyucodebase\nyucodebase\main.cpp(456): warning C4018: '<' : signed/unsigned mismatch
       Link:
         C:\Program Files (x86)\Microsoft Visual Studio 12.0\VC\bin\link.exe /ERRORREPORT:PROMPT /OUT:"C:\Users\Kevin\CS3113Hw\Assignment_5\project_template\Windows\NYUCodebase\Debug\NYUCodebase.exe" /INCREMENTAL /NOLOGO /LIBPATH:C:\SDL2_mixer\lib\x86 /LIBPATH:C:\SDL2\lib\x86 /LIBPATH:C:\SDL2_image\lib\x86 /LIBPATH:C:\glew\lib\Release\Win32 SDL2.lib SDL2_mixer.lib glew32.lib SDL2main.lib SDL2_image.lib OpenGL32.lib /MANIFEST /MANIFESTUAC:"level='asInvoker' uiAccess='false'" /manifest:embed /DEBUG /PDB:"C:\Users\Kevin\CS3113Hw\Assignment_5\project_template\Windows\NYUCodebase\Debug\NYUCodebase.pdb" /SUBSYSTEM:WINDOWS /TLBID:1 /DYNAMICBASE /NXCOMPAT /IMPLIB:"C:\Users\Kevin\CS3113Hw\Assignment_5\project_template\Windows\NYUCodebase\Debug\NYUCodebase.lib" /MACHINE:X86 Debug\main.obj
         Debug\Matrix.obj
         Debug\ShaderProgram.obj
         NYUCodebase.vcxproj -> C:\Users\Kevin\CS3113Hw\Assignment_5\project_template\Windows\NYUCodebase\Debug\NYUCodebase.exe
     1>Done Building Project "C:\Users\Kevin\CS3113Hw\Assignment_5\project_template\Windows\NYUCodebase\NYUCodebase\NYUCodebase.vcxproj" (Build target(s)).

Build succeeded.

Time Elapsed 00:00:06.37
