Build started 11/16/2016 8:33:12 AM.
     1>Project "C:\Users\Kevin\CS3113Hw\PongWithSound\project_template\Windows\NYUCodebase\NYUCodebase\NYUCodebase.vcxproj" on node 2 (Build target(s)).
     1>ClCompile:
         C:\Program Files (x86)\Microsoft Visual Studio 12.0\VC\bin\CL.exe /c /IC:\SDL2\include /IC:\SDL2_image\include /IC:\glew\include /IC:\SDL2_mixer\include /ZI /nologo /W3 /WX- /sdl /Od /Oy- /D _WINDOWS /D _MBCS /D _MBCS /Gm /EHsc /RTC1 /MDd /GS /fp:precise /Zc:wchar_t /Zc:forScope /Fo"Debug\\" /Fd"Debug\vc120.pdb" /Gd /TP /analyze- /errorReport:prompt main.cpp
         main.cpp
     1>c:\users\kevin\cs3113hw\pongwithsound\project_template\windows\nyucodebase\nyucodebase\main.cpp(41): warning C4018: '<' : signed/unsigned mismatch
     1>c:\users\kevin\cs3113hw\pongwithsound\project_template\windows\nyucodebase\nyucodebase\main.cpp(93): warning C4305: 'argument' : truncation from 'double' to 'float'
     1>c:\users\kevin\cs3113hw\pongwithsound\project_template\windows\nyucodebase\nyucodebase\main.cpp(119): warning C4244: 'initializing' : conversion from 'double' to 'float', possible loss of data
     1>c:\users\kevin\cs3113hw\pongwithsound\project_template\windows\nyucodebase\nyucodebase\main.cpp(120): warning C4244: 'initializing' : conversion from 'double' to 'float', possible loss of data
     1>c:\users\kevin\cs3113hw\pongwithsound\project_template\windows\nyucodebase\nyucodebase\main.cpp(121): warning C4244: 'initializing' : conversion from 'double' to 'float', possible loss of data
     1>c:\users\kevin\cs3113hw\pongwithsound\project_template\windows\nyucodebase\nyucodebase\main.cpp(122): warning C4244: 'initializing' : conversion from 'double' to 'float', possible loss of data
     1>c:\users\kevin\cs3113hw\pongwithsound\project_template\windows\nyucodebase\nyucodebase\main.cpp(123): warning C4244: 'initializing' : conversion from 'double' to 'float', possible loss of data
     1>c:\users\kevin\cs3113hw\pongwithsound\project_template\windows\nyucodebase\nyucodebase\main.cpp(124): warning C4244: 'initializing' : conversion from 'double' to 'float', possible loss of data
     1>c:\users\kevin\cs3113hw\pongwithsound\project_template\windows\nyucodebase\nyucodebase\main.cpp(125): warning C4244: 'initializing' : conversion from 'double' to 'float', possible loss of data
     1>c:\users\kevin\cs3113hw\pongwithsound\project_template\windows\nyucodebase\nyucodebase\main.cpp(126): warning C4244: 'initializing' : conversion from 'double' to 'float', possible loss of data
     1>c:\users\kevin\cs3113hw\pongwithsound\project_template\windows\nyucodebase\nyucodebase\main.cpp(140): warning C4305: 'initializing' : truncation from 'double' to 'float'
     1>c:\users\kevin\cs3113hw\pongwithsound\project_template\windows\nyucodebase\nyucodebase\main.cpp(141): warning C4305: 'initializing' : truncation from 'double' to 'float'
     1>c:\users\kevin\cs3113hw\pongwithsound\project_template\windows\nyucodebase\nyucodebase\main.cpp(142): warning C4305: 'initializing' : truncation from 'double' to 'float'
     1>c:\users\kevin\cs3113hw\pongwithsound\project_template\windows\nyucodebase\nyucodebase\main.cpp(143): warning C4305: 'initializing' : truncation from 'double' to 'float'
     1>c:\users\kevin\cs3113hw\pongwithsound\project_template\windows\nyucodebase\nyucodebase\main.cpp(144): warning C4305: 'initializing' : truncation from 'double' to 'float'
     1>c:\users\kevin\cs3113hw\pongwithsound\project_template\windows\nyucodebase\nyucodebase\main.cpp(145): warning C4305: 'initializing' : truncation from 'double' to 'float'
     1>c:\users\kevin\cs3113hw\pongwithsound\project_template\windows\nyucodebase\nyucodebase\main.cpp(170): warning C4244: '=' : conversion from 'double' to 'float', possible loss of data
     1>c:\users\kevin\cs3113hw\pongwithsound\project_template\windows\nyucodebase\nyucodebase\main.cpp(171): warning C4244: '=' : conversion from 'double' to 'float', possible loss of data
     1>c:\users\kevin\cs3113hw\pongwithsound\project_template\windows\nyucodebase\nyucodebase\main.cpp(172): warning C4244: '=' : conversion from 'double' to 'float', possible loss of data
     1>c:\users\kevin\cs3113hw\pongwithsound\project_template\windows\nyucodebase\nyucodebase\main.cpp(173): warning C4244: '=' : conversion from 'double' to 'float', possible loss of data
     1>c:\users\kevin\cs3113hw\pongwithsound\project_template\windows\nyucodebase\nyucodebase\main.cpp(174): warning C4244: '=' : conversion from 'double' to 'float', possible loss of data
     1>c:\users\kevin\cs3113hw\pongwithsound\project_template\windows\nyucodebase\nyucodebase\main.cpp(175): warning C4244: '=' : conversion from 'double' to 'float', possible loss of data
     1>c:\users\kevin\cs3113hw\pongwithsound\project_template\windows\nyucodebase\nyucodebase\main.cpp(176): warning C4244: '=' : conversion from 'double' to 'float', possible loss of data
     1>c:\users\kevin\cs3113hw\pongwithsound\project_template\windows\nyucodebase\nyucodebase\main.cpp(177): warning C4244: '=' : conversion from 'double' to 'float', possible loss of data
     1>c:\users\kevin\cs3113hw\pongwithsound\project_template\windows\nyucodebase\nyucodebase\main.cpp(208): warning C4244: '=' : conversion from 'double' to 'float', possible loss of data
     1>c:\users\kevin\cs3113hw\pongwithsound\project_template\windows\nyucodebase\nyucodebase\main.cpp(210): warning C4244: '=' : conversion from 'double' to 'float', possible loss of data
     1>c:\users\kevin\cs3113hw\pongwithsound\project_template\windows\nyucodebase\nyucodebase\main.cpp(298): warning C4244: 'initializing' : conversion from 'time_t' to 'int', possible loss of data
     1>c:\users\kevin\cs3113hw\pongwithsound\project_template\windows\nyucodebase\nyucodebase\main.cpp(301): warning C4244: '=' : conversion from 'int' to 'float', possible loss of data
     1>c:\users\kevin\cs3113hw\pongwithsound\project_template\windows\nyucodebase\nyucodebase\main.cpp(303): warning C4244: '=' : conversion from 'int' to 'float', possible loss of data
       Link:
         C:\Program Files (x86)\Microsoft Visual Studio 12.0\VC\bin\link.exe /ERRORREPORT:PROMPT /OUT:"C:\Users\Kevin\CS3113Hw\PongWithSound\project_template\Windows\NYUCodebase\Debug\NYUCodebase.exe" /INCREMENTAL /NOLOGO /LIBPATH:C:\SDL2_mixer\lib\x86 /LIBPATH:C:\SDL2\lib\x86 /LIBPATH:C:\SDL2_image\lib\x86 /LIBPATH:C:\glew\lib\Release\Win32 SDL2.lib SDL2_mixer.lib glew32.lib SDL2main.lib SDL2_image.lib OpenGL32.lib /MANIFEST /MANIFESTUAC:"level='asInvoker' uiAccess='false'" /manifest:embed /DEBUG /PDB:"C:\Users\Kevin\CS3113Hw\PongWithSound\project_template\Windows\NYUCodebase\Debug\NYUCodebase.pdb" /SUBSYSTEM:WINDOWS /TLBID:1 /DYNAMICBASE /NXCOMPAT /IMPLIB:"C:\Users\Kevin\CS3113Hw\PongWithSound\project_template\Windows\NYUCodebase\Debug\NYUCodebase.lib" /MACHINE:X86 Debug\main.obj
         Debug\Matrix.obj
         Debug\ShaderProgram.obj
     1>MSVCRTD.lib(cinitexe.obj) : warning LNK4098: defaultlib 'msvcrt.lib' conflicts with use of other libs; use /NODEFAULTLIB:library
         NYUCodebase.vcxproj -> C:\Users\Kevin\CS3113Hw\PongWithSound\project_template\Windows\NYUCodebase\Debug\NYUCodebase.exe
     1>Done Building Project "C:\Users\Kevin\CS3113Hw\PongWithSound\project_template\Windows\NYUCodebase\NYUCodebase\NYUCodebase.vcxproj" (Build target(s)).

Build succeeded.

Time Elapsed 00:00:09.37
